<?xml version="1.0" encoding="UTF-8"?>
<!-- Generated by org.testng.reporters.JUnitXMLReporter -->
<testsuite ignored="2" hostname="DESKTOP-C61U6HK" failures="2" tests="2" name="Test1" time="10.979" errors="0" timestamp="04 Feb 2019 16:29:21 GMT">
  <testcase classname="failTestScreenShot.ScreenShotTest" name="facebook" time="2.048">
    <failure type="java.lang.AssertionError" message="expected [false] but found [true]">
      <![CDATA[java.lang.AssertionError: expected [false] but found [true]
at failTestScreenShot.ScreenShotTest.facebook(ScreenShotTest.java:20)
... Removed 31 stack frames]]>
    </failure>
  </testcase> <!-- facebook -->
  <testcase classname="failTestScreenShot.ScreenShotTest" name="google" time="1.088">
    <failure type="java.lang.AssertionError" message="expected [false] but found [true]">
      <![CDATA[java.lang.AssertionError: expected [false] but found [true]
at failTestScreenShot.ScreenShotTest.google(ScreenShotTest.java:32)
... Removed 31 stack frames]]>
    </failure>
  </testcase> <!-- google -->
  <testcase classname="failTestScreenShot.ScreenShotTest" name="SuperTech" time="0.0">
    <ignored/>
  </testcase> <!-- SuperTech -->
  <testcase classname="failTestScreenShot.ScreenShotTest" name="selenium" time="0.0">
    <ignored/>
  </testcase> <!-- selenium -->
</testsuite> <!-- Test1 -->
